Sending build context to Docker daemon  6.249GB
Step 1/7 : FROM gcc:latest
 ---> c421de09f899
Step 2/7 : RUN apt-get update && apt-get install -y     cmake make mold ccache     libgrpc++-dev protobuf-compiler-grpc libprotobuf-dev     && rm -rf /var/lib/apt/lists/*
 ---> Using cache
 ---> 61794d33b994
Step 3/7 : WORKDIR /rawhash2
 ---> Using cache
 ---> 128f65ce800d
Step 4/7 : COPY . /rawhash2
 ---> 22e874bbe72d
Step 5/7 : RUN mkdir build && cd build     && cmake -DRUCLIENT_ENABLED=1 ..     && make -j
 ---> Running in 1bf1363e9d34
-- The C compiler identification is GNU 14.1.0
-- The CXX compiler identification is GNU 14.1.0
-- Detecting C compiler ABI info
-- Detecting C compiler ABI info - done
-- Check for working C compiler: /usr/bin/cc - skipped
-- Detecting C compile features
-- Detecting C compile features - done
-- Detecting CXX compiler ABI info
-- Detecting CXX compiler ABI info - done
-- Check for working CXX compiler: /usr/local/bin/c++ - skipped
-- Detecting CXX compile features
-- Detecting CXX compile features - done
-- ccache found: /usr/bin/ccache
-- mold found: /usr/bin/mold
-- Performing Test CMAKE_HAVE_LIBC_PTHREAD
-- Performing Test CMAKE_HAVE_LIBC_PTHREAD - Success
-- Found Threads: TRUE  
-- Overriding RUCLIENT_DIR to /rawhash2/build/extern/ruclient
-- ruclient enabled
-- Overriding SLOW5_DIR to /rawhash2/build/extern/slow5lib
-- Configuring done
-- Generating done
-- Build files have been written to: /rawhash2/build
[  3%] Creating directories for 'ruclient_build'
[  6%] Creating directories for 'slow5_build'
[  9%] No download step for 'ruclient_build'
[ 12%] No download step for 'slow5_build'
[ 15%] No update step for 'ruclient_build'
[ 18%] No update step for 'slow5_build'
[ 21%] No patch step for 'ruclient_build'
[ 24%] No patch step for 'slow5_build'
[ 27%] Performing configure step for 'ruclient_build'
[ 30%] Performing configure step for 'slow5_build'
-- Using CMake version: 3.25.1
-- The C compiler identification is GNU 14.1.0
[ 33%] Performing build step for 'slow5_build'
-- The CXX compiler identification is GNU 14.1.0
-- Detecting C compiler ABI info
-- Detecting C compiler ABI info - done
-- Check for working C compiler: /usr/bin/cc - skipped
-- Detecting C compile features
-- Detecting C compile features - done
-- Detecting CXX compiler ABI info
-- Detecting CXX compiler ABI info - done
-- Check for working CXX compiler: /usr/local/bin/c++ - skipped
-- Detecting CXX compile features
-- Detecting CXX compile features - done
-- found ccache at /usr/bin/ccache, using it
-- Found linker mold: /usr/bin/ld.mold
-- Performing Test CMAKE_HAVE_LIBC_PTHREAD
-- Performing Test CMAKE_HAVE_LIBC_PTHREAD - Success
-- Found Threads: TRUE  
-- Found Protobuf: /usr/lib/x86_64-linux-gnu/libprotobuf.so (found version "3.21.12") 
-- Using protobuf 3.21.12
-- Found ZLIB: /usr/lib/x86_64-linux-gnu/libz.so (found version "1.2.13") 
-- Found OpenSSL: /usr/lib/x86_64-linux-gnu/libcrypto.so (found version "3.0.11")  
-- Could NOT find c-ares (missing: c-ares_DIR)
-- Found c-ares: /usr/include (found version "1.18.1") 
-- Found PkgConfig: /usr/bin/pkg-config (found version "1.8.1") 
-- Found RE2 via pkg-config.
-- Using gRPC 1.51.1
[91mgRPC_INCLUDE_DIR: 
[0m[91m_GRPC_CPP_PLUGIN_EXECUTABLE: /usr/bin/grpc_cpp_plugin
_GRPC_GRPCPP_LOC: /usr/lib/x86_64-linux-gnu/libgrpc++.so.1.51.1
[0m[91m_REFLECTION: gRPC::grpc++_reflection, _GRPC_GRPCPP: gRPC::grpc++, _PROTOBUF_LIBPROTOBUF: protobuf::libprotobuf
[0m-- Found Python: /usr/bin/python3 (found version "3.11.2") found components: Interpreter 
[ 36%] No install step for 'slow5_build'
[ 39%] Completed 'slow5_build'
[ 39%] Built target slow5_build
-- Architecture: x86_64
-- libslow5 will create a static lib
[91mTarget 'slow5lib' has the following properties:
[0m[91mslow5lib ALIASED_TARGET = slow5
slow5lib ALIAS_GLOBAL = TRUE
[0m[91mslow5lib AUTOGEN_ORIGIN_DEPENDS = ON
[0m[91mslow5lib AUTOMOC_COMPILER_PREDEFINES = ON
[0m[91mslow5lib AUTOMOC_MACRO_NAMES = Q_OBJECT;Q_GADGET;Q_NAMESPACE;Q_NAMESPACE_EXPORT
[0m[91mslow5lib AUTOMOC_PATH_PREFIX = OFF
[0m[91mslow5lib BINARY_DIR = /rawhash2/build/extern/ruclient/build/external/slow5lib
[0m[91mslow5lib BUILD_WITH_INSTALL_RPATH = OFF
[0m[91mslow5lib COMPILE_OPTIONS = -DSLOW5_USE_ZSTD
[0m[91mslow5lib CXX_MODULE_HEADER_UNIT_SETS = 
[0m[91mslow5lib CXX_MODULE_SETS = 
[0m[91mslow5lib CXX_STANDARD = 20
[0m[91mslow5lib CXX_STANDARD_REQUIRED = ON
[0m[91mslow5lib EXPORT_COMPILE_COMMANDS = ON
[0m[91mslow5lib HEADER_SETS = 
[0m[91mslow5lib IMPORTED = FALSE
[0m[91mslow5lib IMPORTED_GLOBAL = FALSE
[0m[91mslow5lib INCLUDE_DIRECTORIES = /rawhash2/extern/readuntil_fake/external/slow5lib/include
[0m[91mslow5lib INSTALL_RPATH = 
[0m[91mslow5lib INSTALL_RPATH_USE_LINK_PATH = OFF
[0m[91mslow5lib INTERFACE_CXX_MODULE_HEADER_UNIT_SETS = 
[0m[91mslow5lib INTERFACE_CXX_MODULE_SETS = 
[0m[91mslow5lib INTERFACE_HEADER_SETS = 
[0m[91mslow5lib INTERFACE_INCLUDE_DIRECTORIES = /rawhash2/extern/readuntil_fake/external/slow5lib/include
[0m[91mslow5lib INTERFACE_LINK_LIBRARIES = -lzstd;$<LINK_ONLY:streamvbyte_slow5>;$<LINK_ONLY:z>
[0m[91mslow5lib ISPC_HEADER_SUFFIX = _ispc.h
[0m[91mslow5lib LINK_LIBRARIES = -lzstd;streamvbyte_slow5;z
[0m[91mslow5lib LINK_OPTIONS = -fuse-ld=mold
[0m[91mslow5lib NAME = slow5
[0m[91mslow5lib PCH_INSTANTIATE_TEMPLATES = ON
[0m[91mslow5lib PCH_WARN_INVALID = ON
[0m[91mslow5lib RULE_LAUNCH_COMPILE = /usr/bin/ccache
[0m[91mslow5lib SKIP_BUILD_RPATH = OFF
[0m[91mslow5lib SOURCES = src/slow5.c;src/slow5_idx.c;src/slow5_misc.c;src/slow5_press.c
[0m[91mslow5lib SOURCE_DIR = /rawhash2/extern/readuntil_fake/external/slow5lib
[0m[91mslow5lib TYPE = STATIC_LIBRARY
[0m[91mslow5lib UNITY_BUILD_BATCH_SIZE = 8
[0m[91mslow5lib UNITY_BUILD_MODE = BATCH
[0m-- Building library utils_LIB and test executable utils_TEST: library sources include/ru_client/utils.hpp;src/utils.cpp, test sources: tests/test_utils.cpp
-- Building library channel_stats_LIB and test executable channel_stats_TEST: library sources include/ru_client/channel_stats.hpp;src/channel_stats.cpp, test sources: tests/test_channel_stats.cpp
-- Building library current_read_data_LIB and test executable current_read_data_TEST: library sources include/ru_client/current_read_data.hpp;src/current_read_data.cpp, test sources: tests/test_current_read_data.cpp
-- Building library channel_data_LIB and test executable channel_data_TEST: library sources include/ru_client/channel_data.hpp;include/ru_client/channel_data.tpp;src/channel_data.cpp, test sources: tests/test_channel_data.cpp
-- Building library threadsafe_queue_LIB and test executable threadsafe_queue_TEST: library sources include/ru_client/threadsafe_queue.hpp;include/ru_client/spdlog_dropin.hpp;src/threadsafe_queue.cpp, test sources: tests/test_threadsafe_queue.cpp
-- Building library data_client_LIB and test executable data_client_TEST: library sources include/ru_client/data_client.hpp;src/data_client.cpp, test sources: tests/test_data_client.cpp
-- Building library slow5_helpers_LIB and test executable slow5_helpers_TEST: library sources include/ru_client/slow5_helpers.hpp;src/slow5_helpers.cpp, test sources: tests/test_slow5_helpers.cpp
-- Building library current_read_data_full_read_LIB and test executable current_read_data_full_read_TEST: library sources include/ru_client/current_read_data_full_read.hpp;src/current_read_data_full_read.cpp, test sources: tests/test_current_read_data_full_read.cpp
-- Building library event_LIB and test executable event_TEST: library sources include/ru_client/event.hpp, test sources: tests/test_event.cpp
-- Building library ont_device_LIB and test executable ont_device_TEST: library sources include/ru_client/ont_device.hpp;src/ont_device.cpp, test sources: tests/test_ont_device.cpp
-- Building library server_global_vars_LIB and test executable server_global_vars_TEST: library sources include/ru_client/server_global_vars.hpp;src/server_global_vars.cpp, test sources: 
-- Building library grpc_utils_LIB and test executable grpc_utils_TEST: library sources include/ru_client/grpc_utils.hpp;src/grpc_utils.cpp, test sources: tests/test_grpc_utils.cpp
-- Building library ont_manager_server_LIB and test executable ont_manager_server_TEST: library sources include/ru_client/ont_manager_server.hpp;src/ont_manager_server.cpp;src/services/manager_service.cpp, test sources: 
-- Building library ont_manager_client_LIB and test executable ont_manager_client_TEST: library sources include/ru_client/ont_manager_client.hpp;src/ont_manager_client.cpp, test sources: 
-- Building library ont_manager_server_client_LIB and test executable ont_manager_server_client_TEST: library sources , test sources: tests/test_ont_manager_server_client.cpp
-- Building library ont_device_server_LIB and test executable ont_device_server_TEST: library sources include/ru_client/ont_device_server.hpp;src/ont_device_server.cpp;src/services/default_service_defs.cpp;src/services/async_data_service.cpp;src/services/log_service.cpp;src/services/instance_service.cpp;src/services/protocol_service.cpp;src/services/analysis_configuration_service.cpp;src/services/acquisition_service.cpp;src/services/device_service.cpp, test sources: 
-- Building library ont_device_client_LIB and test executable ont_device_client_TEST: library sources include/ru_client/ont_device_client.hpp;src/ont_device_client.cpp, test sources: 
-- Building library ont_device_server_client_LIB and test executable ont_device_server_client_TEST: library sources , test sources: tests/test_ont_device_server_client.cpp
-- Building library ru_method_LIB and test executable ru_method_TEST: library sources include/ru_client/ru_method.hpp;src/ru_method.cpp, test sources: tests/test_ru_method.cpp
-- Configuring done
[91mCMake Error: Cannot determine link language for target "event_LIB".
[0m[91mCMake Error: CMake can not determine linker language for target: event_LIB
[0m-- Generating done
[91mCMake Generate step failed.  Build files cannot be regenerated correctly.
[0m[91mmake[2]: *** [src/CMakeFiles/ruclient_build.dir/build.make:92: src/ruclient_build-prefix/src/ruclient_build-stamp/ruclient_build-configure] Error 1
[0m[91mmake[1]: *** [CMakeFiles/Makefile2:129: src/CMakeFiles/ruclient_build.dir/all] Error 2
[0m[91mmake: *** [Makefile:91: all] Error 2
[0m